[    0.000000] Initializing cgroup subsys cpuset
[    0.000000] Initializing cgroup subsys cpu
[    0.000000] Initializing cgroup subsys cpuacct
[    0.000000] Linux version 4.4.0-201-generic (buildd@lgw01-amd64-052) (gcc version 5.4.0 20160609 (Ubuntu 5.4.0-6ubuntu1~16.04.12) ) #233-Ubuntu SMP Thu Jan 14 06:08:47 UTC 2021 (Ubuntu 4.4.0-201.233-generic 4.4.247)
[    0.000000] KERNEL supported cpus:
[    0.000000]   Intel GenuineIntel
[    0.000000]   AMD AuthenticAMD
[    0.000000]   NSC Geode by NSC
[    0.000000]   Cyrix CyrixInstead
[    0.000000]   Centaur CentaurHauls
[    0.000000]   Transmeta GenuineTMx86
[    0.000000]   Transmeta TransmetaCPU
[    0.000000]   UMC UMC UMC UMC
[    0.000000] x86/fpu: xstate_offset[2]:  576, xstate_sizes[2]:  256
[    0.000000] x86/fpu: Supporting XSAVE feature 0x01: 'x87 floating point registers'
[    0.000000] x86/fpu: Supporting XSAVE feature 0x02: 'SSE registers'
[    0.000000] x86/fpu: Supporting XSAVE feature 0x04: 'AVX registers'
[    0.000000] x86/fpu: Enabled xstate features 0x7, context size is 832 bytes, using 'standard' format.
[    0.000000] e820: BIOS-provided physical RAM map:
[    0.000000] BIOS-e820: [mem 0x0000000000000000-0x000000000009fbff] usable
[    0.000000] BIOS-e820: [mem 0x000000000009fc00-0x000000000009ffff] reserved
[    0.000000] BIOS-e820: [mem 0x00000000000f0000-0x00000000000fffff] reserved
[    0.000000] BIOS-e820: [mem 0x0000000000100000-0x000000003ffeffff] usable
[    0.000000] BIOS-e820: [mem 0x000000003fff0000-0x000000003fffffff] ACPI data
[    0.000000] BIOS-e820: [mem 0x00000000fec00000-0x00000000fec00fff] reserved
[    0.000000] BIOS-e820: [mem 0x00000000fee00000-0x00000000fee00fff] reserved
[    0.000000] BIOS-e820: [mem 0x00000000fffc0000-0x00000000ffffffff] reserved
[    0.000000] NX (Execute Disable) protection: active
[    0.000000] SMBIOS 2.5 present.
[    0.000000] Hypervisor detected: KVM
[    0.000000] e820: last_pfn = 0x3fff0 max_arch_pfn = 0x1000000
[    0.000000] MTRR: Disabled
[    0.000000] x86/PAT: MTRRs disabled, skipping PAT initialization too.
[    0.000000] CPU MTRRs all blank - virtualized system.
[    0.000000] x86/PAT: Configuration [0-7]: WB  WT  UC- UC  WB  WT  UC- UC  
[    0.000000] found SMP MP-table at [mem 0x0009fff0-0x0009ffff] mapped at [c009fff0]
[    0.000000] Scanning 1 areas for low memory corruption
[    0.000000] RAMDISK: [mem 0x363a8000-0x371cbfff]
[    0.000000] ACPI: Early table checksum verification disabled
[    0.000000] ACPI: RSDP 0x00000000000E0000 000024 (v02 VBOX  )
[    0.000000] ACPI: XSDT 0x000000003FFF0030 00003C (v01 VBOX   VBOXXSDT 00000001 ASL  00000061)
[    0.000000] ACPI: FACP 0x000000003FFF00F0 0000F4 (v04 VBOX   VBOXFACP 00000001 ASL  00000061)
[    0.000000] ACPI: DSDT 0x000000003FFF0470 002325 (v02 VBOX   VBOXBIOS 00000002 INTL 20100528)
[    0.000000] ACPI: FACS 0x000000003FFF0200 000040
[    0.000000] ACPI: FACS 0x000000003FFF0200 000040
[    0.000000] ACPI: APIC 0x000000003FFF0240 00005C (v02 VBOX   VBOXAPIC 00000001 ASL  00000061)
[    0.000000] ACPI: SSDT 0x000000003FFF02A0 0001CC (v01 VBOX   VBOXCPUT 00000002 INTL 20100528)
[    0.000000] 131MB HIGHMEM available.
[    0.000000] 891MB LOWMEM available.
[    0.000000]   mapped low ram: 0 - 37bfe000
[    0.000000]   low ram: 0 - 37bfe000
[    0.000000] kvm-clock: Using msrs 4b564d01 and 4b564d00
[    0.000000] kvm-clock: cpu 0, msr 0:37bfd001, primary cpu clock
[    0.000000] kvm-clock: using sched offset of 5672188591 cycles
[    0.000000] clocksource: kvm-clock: mask: 0xffffffffffffffff max_cycles: 0x1cd42e4dffb, max_idle_ns: 881590591483 ns
[    0.000000] Zone ranges:
[    0.000000]   DMA      [mem 0x0000000000001000-0x0000000000ffffff]
[    0.000000]   Normal   [mem 0x0000000001000000-0x0000000037bfdfff]
[    0.000000]   HighMem  [mem 0x0000000037bfe000-0x000000003ffeffff]
[    0.000000] Movable zone start for each node
[    0.000000] Early memory node ranges
[    0.000000]   node   0: [mem 0x0000000000001000-0x000000000009efff]
[    0.000000]   node   0: [mem 0x0000000000100000-0x000000003ffeffff]
[    0.000000] Initmem setup node 0 [mem 0x0000000000001000-0x000000003ffeffff]
[    0.000000] Using APIC driver default
[    0.000000] ACPI: PM-Timer IO Port: 0x4008
[    0.000000] IOAPIC[0]: apic_id 2, version 32, address 0xfec00000, GSI 0-23
[    0.000000] ACPI: INT_SRC_OVR (bus 0 bus_irq 0 global_irq 2 dfl dfl)
[    0.000000] ACPI: INT_SRC_OVR (bus 0 bus_irq 9 global_irq 9 low level)
[    0.000000] Using ACPI (MADT) for SMP configuration information
[    0.000000] smpboot: Allowing 2 CPUs, 0 hotplug CPUs
[    0.000000] PM: Registered nosave memory: [mem 0x00000000-0x00000fff]
[    0.000000] PM: Registered nosave memory: [mem 0x0009f000-0x0009ffff]
[    0.000000] PM: Registered nosave memory: [mem 0x000a0000-0x000effff]
[    0.000000] PM: Registered nosave memory: [mem 0x000f0000-0x000fffff]
[    0.000000] e820: [mem 0x40000000-0xfebfffff] available for PCI devices
[    0.000000] Booting paravirtualized kernel on KVM
[    0.000000] clocksource: refined-jiffies: mask: 0xffffffff max_cycles: 0xffffffff, max_idle_ns: 7645519600211568 ns
[    0.000000] setup_percpu: NR_CPUS:8 nr_cpumask_bits:8 nr_cpu_ids:2 nr_node_ids:1
[    0.000000] PERCPU: Embedded 18 pages/cpu @f6384000 s43404 r0 d30324 u73728
[    0.000000] Built 1 zonelists in Zone order, mobility grouping on.  Total pages: 259800
[    0.000000] Kernel command line: BOOT_IMAGE=/boot/vmlinuz-4.4.0-201-generic root=LABEL=cloudimg-rootfs ro console=tty1 console=ttyS0
[    0.000000] PID hash table entries: 4096 (order: 2, 16384 bytes)
[    0.000000] Dentry cache hash table entries: 131072 (order: 7, 524288 bytes)
[    0.000000] Inode-cache hash table entries: 65536 (order: 6, 262144 bytes)
[    0.000000] Initializing CPU#0
[    0.000000] Initializing HighMem for node 0 (00037bfe:0003fff0)
[    0.000000] Initializing Movable for node 0 (00000000:00000000)
[    0.000000] Memory: 1008204K/1048120K available (8150K kernel code, 791K rwdata, 3216K rodata, 940K init, 792K bss, 39916K reserved, 0K cma-reserved, 135112K highmem)
[    0.000000] virtual kernel memory layout:
[    0.000000]     fixmap  : 0xfff15000 - 0xfffff000   ( 936 kB)
[    0.000000]     pkmap   : 0xffc00000 - 0xffe00000   (2048 kB)
[    0.000000]     vmalloc : 0xf83fe000 - 0xffbfe000   ( 120 MB)
[    0.000000]     lowmem  : 0xc0000000 - 0xf7bfe000   ( 891 MB)
[    0.000000]       .init : 0xc1be3000 - 0xc1cce000   ( 940 kB)
[    0.000000]       .data : 0xc17f5d78 - 0xc1be1c00   (4015 kB)
[    0.000000]       .text : 0xc1000000 - 0xc17f5d78   (8151 kB)
[    0.000000] Checking if this processor honours the WP bit even in supervisor mode...Ok.
[    0.000000] SLUB: HWalign=64, Order=0-3, MinObjects=0, CPUs=2, Nodes=1
[    0.000000] Hierarchical RCU implementation.
[    0.000000] 	Build-time adjustment of leaf fanout to 32.
[    0.000000] 	RCU restricting CPUs from NR_CPUS=8 to nr_cpu_ids=2.
[    0.000000] RCU: Adjusting geometry for rcu_fanout_leaf=32, nr_cpu_ids=2
[    0.000000] NR_IRQS:2304 nr_irqs:440 16
[    0.000000] Console: colour VGA+ 80x25
[    0.000000] console [tty1] enabled
[    0.000000] console [ttyS0] enabled
[    0.000000] allocated 1048576 bytes of page_ext
[    0.000000] tsc: Detected 1799.999 MHz processor
[    0.431718] Calibrating delay loop (skipped) preset value.. 3599.99 BogoMIPS (lpj=7199996)
[    0.436466] pid_max: default: 32768 minimum: 301
[    0.439292] ACPI: Core revision 20150930
[    0.443573] ACPI: 2 ACPI AML tables successfully acquired and loaded
[    0.448243] Security Framework initialized
[    0.451735] Yama: becoming mindful.
[    0.454448] AppArmor: AppArmor initialized
[    0.456965] Mount-cache hash table entries: 2048 (order: 1, 8192 bytes)
[    0.460169] Mountpoint-cache hash table entries: 2048 (order: 1, 8192 bytes)
[    0.464556] Initializing cgroup subsys io
[    0.467159] Initializing cgroup subsys memory
[    0.470261] Initializing cgroup subsys devices
[    0.473888] Initializing cgroup subsys freezer
[    0.476921] Initializing cgroup subsys net_cls
[    0.479424] Initializing cgroup subsys perf_event
[    0.482135] Initializing cgroup subsys net_prio
[    0.484824] Initializing cgroup subsys hugetlb
[    0.488265] Initializing cgroup subsys pids
[    0.496983] mce: CPU supports 0 MCE banks
[    0.499831] Last level iTLB entries: 4KB 64, 2MB 8, 4MB 8
[    0.503003] Last level dTLB entries: 4KB 64, 2MB 0, 4MB 0, 1GB 4
[    0.507551] Spectre V1 : Mitigation: usercopy/swapgs barriers and __user pointer sanitization
[    0.510758] Spectre V2 : Mitigation: Full generic retpoline
[    0.512448] Spectre V2 : Spectre v2 / SpectreRSB mitigation: Filling RSB on context switch
[    0.515744] Speculative Store Bypass: Vulnerable
[    0.517828] SRBDS: Mitigation: TSX disabled
[    0.530209] Freeing SMP alternatives memory: 36K
[    0.544191] ftrace: allocating 31648 entries in 62 pages
[    0.719126] smpboot: APIC(0) Converting physical 0 to logical package 0
[    0.722666] smpboot: Max logical packages: 1
[    0.724487] Enabling APIC mode:  Flat.  Using 1 I/O APICs
[    0.729667] ..TIMER: vector=0x30 apic1=0 pin1=2 apic2=-1 pin2=-1
[    0.840823] smpboot: CPU0: Intel(R) Core(TM) i5-8265U CPU @ 1.60GHz (family: 0x6, model: 0x8e, stepping: 0xc)
[    0.847657] Performance Events: unsupported p6 CPU model 142 no PMU driver, software events only.
[    0.876674] KVM setup paravirtual spinlock
[    0.880926] x86: Booting SMP configuration:
[    0.883425] .... node  #0, CPUs:      #1
[1266874884.037363] Initializing CPU#1
[    0.889478] kvm-clock: cpu 1, msr 0:37bfd041, secondary cpu clock
[    0.896528] mce: CPU supports 0 MCE banks
[    0.900740] x86: Booted up 1 node, 2 CPUs
[    0.904060] smpboot: Total of 2 processors activated (7199.99 BogoMIPS)
[    0.909561] devtmpfs: initialized
[    0.914862] evm: security.selinux
[    0.917927] evm: security.SMACK64
[    0.921001] evm: security.SMACK64EXEC
[    0.923807] evm: security.SMACK64TRANSMUTE
[    0.926782] evm: security.SMACK64MMAP
[    0.928470] evm: security.ima
[    0.930852] evm: security.capability
[    0.934560] clocksource: jiffies: mask: 0xffffffff max_cycles: 0xffffffff, max_idle_ns: 7645041785100000 ns
[    0.940988] futex hash table entries: 512 (order: 3, 32768 bytes)
[    0.945530] pinctrl core: initialized pinctrl subsystem
[    0.947973] RTC time: 13:13:54, date: 03/17/21
[    0.950774] NET: Registered protocol family 16
[    0.953466] EISA bus registered
[    0.968869] cpuidle: using governor ladder
[    0.980802] cpuidle: using governor menu
[    0.983679] PCCT header not found.
[    0.986530] ACPI: bus type PCI registered
[    0.990291] acpiphp: ACPI Hot Plug PCI Controller Driver version: 0.5
[    0.996881] PCI : PCI BIOS area is rw and x. Use pci=nobios if you want it NX.
[    1.003218] PCI: PCI BIOS revision 2.10 entry at 0xfda26, last bus=0
[    1.007958] PCI: Using configuration type 1 for base access
[    1.031279] ACPI: Added _OSI(Module Device)
[    1.034550] ACPI: Added _OSI(Processor Device)
[    1.038644] ACPI: Added _OSI(3.0 _SCP Extensions)
[    1.042100] ACPI: Added _OSI(Processor Aggregator Device)
[    1.048101] ACPI: Executed 1 blocks of module-level executable AML code
[    1.059995] ACPI: Interpreter enabled
[    1.062735] ACPI: (supports S0 S5)
[    1.066154] ACPI: Using IOAPIC for interrupt routing
[    1.070748] PCI: Using host bridge windows from ACPI; if necessary, use "pci=nocrs" and report a bug
[    1.124309] ACPI: PCI Root Bridge [PCI0] (domain 0000 [bus 00-ff])
[    1.128574] acpi PNP0A03:00: _OSC: OS supports [ASPM ClockPM Segments MSI]
[    1.135459] acpi PNP0A03:00: _OSC: not requesting OS control; OS requires [ExtendedConfig ASPM ClockPM MSI]
[    1.141899] acpi PNP0A03:00: fail to add MMCONFIG information, can't access extended PCI configuration space under this bridge.
[    1.149293] PCI host bridge to bus 0000:00
[    1.152139] pci_bus 0000:00: root bus resource [io  0x0000-0x0cf7 window]
[    1.156432] pci_bus 0000:00: root bus resource [io  0x0d00-0xffff window]
[    1.159750] pci_bus 0000:00: root bus resource [mem 0x000a0000-0x000bffff window]
[    1.164663] pci_bus 0000:00: root bus resource [mem 0x40000000-0xfdffffff window]
[    1.169512] pci_bus 0000:00: root bus resource [bus 00-ff]
[    1.180442] pci 0000:00:01.1: legacy IDE quirk: reg 0x10: [io  0x01f0-0x01f7]
[    1.184475] pci 0000:00:01.1: legacy IDE quirk: reg 0x14: [io  0x03f6]
[    1.186932] pci 0000:00:01.1: legacy IDE quirk: reg 0x18: [io  0x0170-0x0177]
[    1.190200] pci 0000:00:01.1: legacy IDE quirk: reg 0x1c: [io  0x0376]
[    1.228919] pci 0000:00:07.0: quirk: [io  0x4000-0x403f] claimed by PIIX4 ACPI
[    1.235604] pci 0000:00:07.0: quirk: [io  0x4100-0x410f] claimed by PIIX4 SMB
[    1.252504] ACPI: PCI Interrupt Link [LNKA] (IRQs 5 9 10 *11)
[    1.259351] ACPI: PCI Interrupt Link [LNKB] (IRQs 5 9 *10 11)
[    1.266915] ACPI: PCI Interrupt Link [LNKC] (IRQs 5 *9 10 11)
[    1.272770] ACPI: PCI Interrupt Link [LNKD] (IRQs 5 9 10 *11)
[    1.277086] ACPI: Enabled 2 GPEs in block 00 to 07
[    1.280973] vgaarb: setting as boot device: PCI:0000:00:02.0
[    1.284251] vgaarb: device added: PCI:0000:00:02.0,decodes=io+mem,owns=io+mem,locks=none
[    1.289580] vgaarb: loaded
[    1.291995] vgaarb: bridge control possible 0000:00:02.0
[    1.296397] SCSI subsystem initialized
[    1.300429] ACPI: bus type USB registered
[    1.303968] usbcore: registered new interface driver usbfs
[    1.307628] usbcore: registered new interface driver hub
[    1.311588] usbcore: registered new device driver usb
[    1.315509] PCI: Using ACPI for IRQ routing
[    1.317912] NetLabel: Initializing
[    1.319676] NetLabel:  domain hash size = 128
[    1.321691] NetLabel:  protocols = UNLABELED CIPSOv4
[    1.323946] NetLabel:  unlabeled traffic allowed by default
[    1.326255] amd_nb: Cannot enumerate AMD northbridges
[    1.328316] clocksource: Switched to clocksource kvm-clock
[    1.351640] AppArmor: AppArmor Filesystem Enabled
[    1.355316] pnp: PnP ACPI init
[    1.359719] pnp: PnP ACPI: found 3 devices
[    1.361896] PnPBIOS: Disabled by ACPI PNP
[    1.420679] clocksource: acpi_pm: mask: 0xffffff max_cycles: 0xffffff, max_idle_ns: 2085701024 ns
[    1.427873] NET: Registered protocol family 2
[    1.432894] TCP established hash table entries: 8192 (order: 3, 32768 bytes)
[    1.439135] TCP bind hash table entries: 8192 (order: 4, 65536 bytes)
[    1.444318] TCP: Hash tables configured (established 8192 bind 8192)
[    1.448173] UDP hash table entries: 512 (order: 2, 16384 bytes)
[    1.451839] UDP-Lite hash table entries: 512 (order: 2, 16384 bytes)
[    1.456506] NET: Registered protocol family 1
[    1.459724] pci 0000:00:00.0: Limiting direct PCI/PCI transfers
[    1.465142] pci 0000:00:01.0: Activating ISA DMA hang workarounds
[    1.470239] Unpacking initramfs...
[    2.137140] Freeing initrd memory: 14480K
[    2.139426] clocksource: tsc: mask: 0xffffffffffffffff max_cycles: 0x19f228ab7a2, max_idle_ns: 440795289252 ns
[    2.143074] platform rtc_cmos: registered platform RTC device (no PNP device found)
[    2.145128] Scanning for low memory corruption every 60 seconds
[    2.147804] audit: initializing netlink subsys (disabled)
[    2.149279] audit: type=2000 audit(1615986842.405:1): initialized
[    2.151159] Initialise system trusted keyring
[    2.152764] HugeTLB registered 2 MB page size, pre-allocated 0 pages
[    2.157473] zbud: loaded
[    2.159327] VFS: Disk quotas dquot_6.6.0
[    2.161861] VFS: Dquot-cache hash table entries: 1024 (order 0, 4096 bytes)
[    2.164839] squashfs: version 4.0 (2009/01/31) Phillip Lougher
[    2.167063] fuse init (API version 7.23)
[    2.168217] Key type big_key registered
[    2.169240] Allocating IMA MOK and blacklist keyrings.
[    2.174146] Key type asymmetric registered
[    2.175900] Asymmetric key parser 'x509' registered
[    2.178715] bounce: pool size: 64 pages
[    2.180229] Block layer SCSI generic (bsg) driver version 0.4 loaded (major 249)
[    2.184070] io scheduler noop registered
[    2.185742] io scheduler deadline registered (default)
[    2.187494] io scheduler cfq registered
[    2.189308] pci_hotplug: PCI Hot Plug PCI Core version: 0.5
[    2.191949] pciehp: PCI Express Hot Plug Controller Driver version: 0.4
[    2.196092] ACPI: AC Adapter [AC] (off-line)
[    2.199290] input: Power Button as /devices/LNXSYSTM:00/LNXPWRBN:00/input/input0
[    2.202498] ACPI: Power Button [PWRF]
[    2.203634] input: Sleep Button as /devices/LNXSYSTM:00/LNXSLPBN:00/input/input1
[    2.206192] ACPI: Sleep Button [SLPF]
[    2.207709] GHES: HEST is not enabled!
[    2.209009] Serial: 8250/16550 driver, 32 ports, IRQ sharing enabled
[    2.209897] ACPI: Battery Slot [BAT0] (battery present)
[    2.209932] isapnp: Scanning for PnP cards...
[    2.236091] 00:02: ttyS0 at I/O 0x3f8 (irq = 4, base_baud = 115200) is a 16550A
[    2.244042] Linux agpgart interface v0.103
[    2.257002] loop: module loaded
[    2.260139] scsi host0: ata_piix
[    2.262356] scsi host1: ata_piix
[    2.265468] ata1: PATA max UDMA/33 cmd 0x1f0 ctl 0x3f6 bmdma 0xd000 irq 14
[    2.270478] ata2: PATA max UDMA/33 cmd 0x170 ctl 0x376 bmdma 0xd008 irq 15
[    2.274179] libphy: Fixed MDIO Bus: probed
[    2.276128] tun: Universal TUN/TAP device driver, 1.6
[    2.278731] tun: (C) 1999-2004 Max Krasnyansky <maxk@qualcomm.com>
[    2.281252] PPP generic driver version 2.4.2
[    2.283262] ehci_hcd: USB 2.0 'Enhanced' Host Controller (EHCI) Driver
[    2.285891] ehci-pci: EHCI PCI platform driver
[    2.287923] ehci-platform: EHCI generic platform driver
[    2.290291] ohci_hcd: USB 1.1 'Open' Host Controller (OHCI) Driver
[    2.293353] ohci-pci: OHCI PCI platform driver
[    2.296126] ohci-platform: OHCI generic platform driver
[    2.299366] uhci_hcd: USB Universal Host Controller Interface driver
[    2.304539] i8042: PNP: PS/2 Controller [PNP0303:PS2K,PNP0f03:PS2M] at 0x60,0x64 irq 1,12
[    2.312108] serio: i8042 KBD port at 0x60,0x64 irq 1
[    2.315405] serio: i8042 AUX port at 0x60,0x64 irq 12
[    2.319269] mousedev: PS/2 mouse device common for all mice
[    2.323786] input: AT Translated Set 2 keyboard as /devices/platform/i8042/serio0/input/input2
[    2.329683] rtc_cmos rtc_cmos: rtc core: registered rtc_cmos as rtc0
[    2.333667] rtc_cmos rtc_cmos: alarms up to one day, 114 bytes nvram
[    2.337943] i2c /dev entries driver
[    2.339511] device-mapper: uevent: version 1.0.3
[    2.341899] device-mapper: ioctl: 4.34.0-ioctl (2015-10-28) initialised: dm-devel@redhat.com
[    2.345458] platform eisa.0: Probing EISA bus 0
[    2.347090] platform eisa.0: EISA: Cannot allocate resource for mainboard
[    2.349445] platform eisa.0: Cannot allocate resource for EISA slot 1
[    2.351633] platform eisa.0: Cannot allocate resource for EISA slot 2
[    2.353815] platform eisa.0: Cannot allocate resource for EISA slot 3
[    2.356277] platform eisa.0: Cannot allocate resource for EISA slot 4
[    2.359206] platform eisa.0: Cannot allocate resource for EISA slot 5
[    2.362295] platform eisa.0: Cannot allocate resource for EISA slot 6
[    2.365847] platform eisa.0: Cannot allocate resource for EISA slot 7
[    2.369116] platform eisa.0: Cannot allocate resource for EISA slot 8
[    2.372056] platform eisa.0: EISA: Detected 0 cards
[    2.374723] cpufreq-nforce2: No nForce2 chipset.
[    2.377470] ledtrig-cpu: registered to indicate activity on CPUs
[    2.382342] NET: Registered protocol family 10
[    2.385423] NET: Registered protocol family 17
[    2.387965] Key type dns_resolver registered
[    2.391750] Using IPI No-Shortcut mode
[    2.395203] registered taskstats version 1
[    2.400519] Loading compiled-in X.509 certificates
[    2.409396] Loaded X.509 cert 'Build time autogenerated kernel key: a4cb83b0fbc23ccd095bfb27621f60dbb2a8d7aa'
[    2.416635] zswap: loaded using pool lzo/zbud
[    2.427695] Key type trusted registered
[    2.435831] Key type encrypted registered
[    2.438741] AppArmor: AppArmor sha1 policy hashing enabled
[    2.442134] ima: No TPM chip found, activating TPM-bypass!
[    2.446013] ima: Allocated hash algorithm: sha1
[    2.449314] evm: HMAC attrs: 0x1
[    2.452651]   Magic number: 13:803:230
[    2.455080] rtc_cmos rtc_cmos: setting system clock to 2021-03-17 13:13:56 UTC (1615986836)
[    2.460321] BIOS EDD facility v0.16 2004-Jun-25, 0 devices found
[    2.463742] EDD information not available.
[    2.590822] isapnp: No Plug & Play device found
[    2.594351] Freeing unused kernel memory: 940K
[    2.612865] Write protecting the kernel text: 8152k
[    2.617697] Write protecting the kernel read-only data: 3224k
[    2.621415] NX-protecting the kernel data: 6184k
Loading, please wait...
starting version 229
[    2.658309] random: systemd-udevd: uninitialized urandom read (16 bytes read, 4 bits of entropy available)
[    2.659533] random: udevadm: uninitialized urandom read (16 bytes read, 4 bits of entropy available)
[    2.666666] random: systemd-udevd: uninitialized urandom read (16 bytes read, 4 bits of entropy available)
[    2.672015] random: systemd-udevd: uninitialized urandom read (16 bytes read, 4 bits of entropy available)
[    2.683876] random: systemd-udevd: uninitialized urandom read (16 bytes read, 4 bits of entropy available)
[    2.687354] random: udevadm: uninitialized urandom read (16 bytes read, 4 bits of entropy available)
[    2.687459] random: udevadm: uninitialized urandom read (16 bytes read, 4 bits of entropy available)
[    2.687749] random: udevadm: uninitialized urandom read (16 bytes read, 4 bits of entropy available)
[    2.687857] random: udevadm: uninitialized urandom read (16 bytes read, 4 bits of entropy available)
[    2.687957] random: udevadm: uninitialized urandom read (16 bytes read, 4 bits of entropy available)
[    2.865516] Fusion MPT base driver 3.04.20
[    2.868952] Copyright (c) 1999-2008 LSI Corporation
[    2.903122] e1000: Intel(R) PRO/1000 Network Driver - version 7.3.21-k8-NAPI
[    2.906884] e1000: Copyright (c) 1999-2006 Intel Corporation.
[    2.955409] Fusion MPT SPI Host driver 3.04.20
[    3.078470] input: ImExPS/2 Generic Explorer Mouse as /devices/platform/i8042/serio1/input/input4
[    3.750291] e1000 0000:00:03.0 eth0: (PCI:33MHz:32-bit) 02:80:d4:bd:a1:c9
[    3.757180] e1000 0000:00:03.0 eth0: Intel(R) PRO/1000 Network Connection
[    3.770444] e1000 0000:00:03.0 enp0s3: renamed from eth0
[    3.777638] mptbase: ioc0: Initiating bringup
[    3.844917] ioc0: LSI53C1030 A0: Capabilities={Initiator}
[    4.013679] scsi host2: ioc0: LSI53C1030 A0, FwRev=00000000h, Ports=1, MaxQ=256, IRQ=20
[    4.133671] scsi 2:0:0:0: Direct-Access     VBOX     HARDDISK         1.0  PQ: 0 ANSI: 5
[    4.138453] scsi target2:0:0: Beginning Domain Validation
[    4.142912] scsi target2:0:0: Domain Validation skipping write tests
[    4.145651] scsi target2:0:0: Ending Domain Validation
[    4.147951] scsi target2:0:0: asynchronous
[    4.150272] scsi 2:0:1:0: Direct-Access     VBOX     HARDDISK         1.0  PQ: 0 ANSI: 5
[    4.154141] scsi target2:0:1: Beginning Domain Validation
[    4.159219] scsi target2:0:1: Domain Validation skipping write tests
[    4.162593] scsi target2:0:1: Ending Domain Validation
[    4.165119] scsi target2:0:1: asynchronous
[    4.184249] sd 2:0:0:0: Attached scsi generic sg0 type 0
[    4.187243] sd 2:0:0:0: [sda] 83886080 512-byte logical blocks: (42.9 GB/40.0 GiB)
[    4.191765] sd 2:0:1:0: Attached scsi generic sg1 type 0
[    4.194313] sd 2:0:1:0: [sdb] 20480 512-byte logical blocks: (10.5 MB/10.0 MiB)
[    4.194603] sd 2:0:0:0: [sda] Write Protect is off
[    4.194852] sd 2:0:0:0: [sda] Incomplete mode parameter data
[    4.194855] sd 2:0:0:0: [sda] Assuming drive cache: write through
[    4.207729] sd 2:0:1:0: [sdb] Write Protect is off
[    4.210101] sd 2:0:1:0: [sdb] Incomplete mode parameter data
[    4.212796] sd 2:0:1:0: [sdb] Assuming drive cache: write through
[    4.227795]  sda: sda1
[    4.230979] sd 2:0:0:0: [sda] Attached SCSI disk
[    4.260921] sd 2:0:1:0: [sdb] Attached SCSI disk
Begin: Loading essential drivers ... [    6.306762] md: linear personality registered for level -1
[    6.323300] md: multipath personality registered for level -4
[    6.336523] md: raid0 personality registered for level 0
[    6.355544] md: raid1 personality registered for level 1
[    6.440509] raid6: mmxx1    gen()  2450 MB/s
[    6.509121] raid6: mmxx2    gen()  2888 MB/s
[    6.576791] raid6: sse1x1   gen()  1697 MB/s
[    6.644672] raid6: sse1x2   gen()  2018 MB/s
[    6.716678] raid6: sse2x1   gen()  3000 MB/s
[    6.784575] raid6: sse2x1   xor()  2083 MB/s
[    6.852369] raid6: sse2x2   gen()  3638 MB/s
[    6.920691] raid6: sse2x2   xor()  2205 MB/s
[    6.988502] raid6: avx2x1   gen()  4798 MB/s
[    7.056621] raid6: avx2x2   gen()  7989 MB/s
[    7.059437] raid6: using algorithm avx2x2 gen() 7989 MB/s
[    7.062732] raid6: using avx2x1 recovery algorithm
[    7.077588] xor: automatically using best checksumming function:
[    7.120850]    avx       :  7581.000 MB/sec
[    7.130153] async_tx: api initialized (async)
[    7.193870] md: raid6 personality registered for level 6
[    7.197831] md: raid5 personality registered for level 5
[    7.200777] md: raid4 personality registered for level 4
[    7.229790] md: raid10 personality registered for level 10
done.
Begin: Running /scripts/init-premount ... done.
Begin: Mounting root file system ... Begin: Running /scripts/local-top ... done.
Begin: Running /scripts/local-premount ... [    7.345139] Btrfs loaded
Scanning for Btrfs filesystems
done.
Warning: fsck not present, so skipping root file system
[    7.514418] EXT4-fs (sda1): INFO: recovery required on readonly filesystem
[    7.517155] EXT4-fs (sda1): write access will be enabled during recovery
[    7.714298] EXT4-fs (sda1): orphan cleanup on readonly fs
[    7.716775] EXT4-fs (sda1): 5 orphan inodes deleted
[    7.718797] EXT4-fs (sda1): recovery complete
[    7.932879] EXT4-fs (sda1): mounted filesystem with ordered data mode. Opts: (null)
done.
Begin: Running /scripts/local-bottom ... done.
Begin: Running /scripts/init-bottom ... done.
[    8.513478] random: nonblocking pool is initialized
[    8.827706] systemd[1]: systemd 229 running in system mode. (+PAM +AUDIT +SELINUX +IMA +APPARMOR +SMACK +SYSVINIT +UTMP +LIBCRYPTSETUP +GCRYPT +GNUTLS +ACL +XZ -LZ4 +SECCOMP +BLKID +ELFUTILS +KMOD -IDN)
[    8.837354] systemd[1]: Detected virtualization oracle.
[    8.839523] systemd[1]: Detected architecture x86.

Welcome to [1mUbuntu 16.04.7 LTS[0m!

[    8.918590] systemd[1]: Set hostname to <ubuntu-xenial>.
[    9.922412] systemd[1]: Reached target Swap.
[[0;32m  OK  [0m] Reached target Swap.
[    9.925556] systemd[1]: Listening on Journal Socket.
[[0;32m  OK  [0m] Listening on Journal Socket.
[    9.932066] systemd[1]: Listening on /dev/initctl Compatibility Named Pipe.
[[0;32m  OK  [0m] Listening on /dev/initctl Compatibility Named Pipe.
[    9.937400] systemd[1]: Listening on Journal Audit Socket.
[[0;32m  OK  [0m] Listening on Journal Audit Socket.
[    9.942083] systemd[1]: Listening on LVM2 poll daemon socket.
[[0;32m  OK  [0m] Listening on LVM2 poll daemon socket.
[    9.946541] systemd[1]: Listening on udev Kernel Socket.
[[0;32m  OK  [0m] Listening on udev Kernel Socket.
[    9.950575] systemd[1]: Listening on Syslog Socket.
[[0;32m  OK  [0m] Listening on Syslog Socket.
[    9.954086] systemd[1]: Started Forward Password Requests to Wall Directory Watch.
[[0;32m  OK  [0m] Started Forward Password Requests to Wall Directory Watch.
[    9.959610] systemd[1]: Reached target User and Group Name Lookups.
[[0;32m  OK  [0m] Reached target User and Group Name Lookups.
[    9.964167] systemd[1]: Reached target System Time Synchronized.
[[0;32m  OK  [0m] Reached target System Time Synchronized.
[    9.968529] systemd[1]: Set up automount Arbitrary Executable File Formats File System Automount Point.
[[0;32m  OK  [0m] Set up automount Arbitrary Executab...ats File System Automount Point.
[   10.031981] systemd[1]: Started Trigger resolvconf update for networkd DNS.
[[0;32m  OK  [0m] Started Trigger resolvconf update for networkd DNS.
[   10.038246] systemd[1]: Listening on udev Control Socket.
[[0;32m  OK  [0m] Listening on udev Control Socket.
[   10.042887] systemd[1]: Listening on Device-mapper event daemon FIFOs.
[[0;32m  OK  [0m] Listening on Device-mapper event daemon FIFOs.
[   10.050603] systemd[1]: Created slice System Slice.
[[0;32m  OK  [0m] Created slice System Slice.
[   10.069280] systemd[1]: Starting Uncomplicated firewall...
         Starting Uncomplicated firewall...
[   10.076829] systemd[1]: Starting Remount Root and Kernel File Systems...
         Starting Remount Root and Kernel File Systems...
[   10.085682] systemd[1]: Starting Set console keymap...
         Starting Set console keymap...
[   10.092808] systemd[1]: Mounting POSIX Message Queue File System...
         Mounting POSIX Message Queue File System...
[   10.101571] systemd[1]: Starting Nameserver information manager...
         Starting Nameserver information manager...
[   10.160270] systemd[1]: Starting Load Kernel Modules...
         Starting Load Kernel Modules...
[   10.178055] EXT4-fs (sda1): re-mounted. Opts: (null)
[   10.186071] systemd[1]: Created slice system-serial\x2dgetty.slice.
[[0;32m  OK  [0m] Created slice system-serial\x2dgetty.slice.
[   10.189075] systemd[1]: Listening on LVM2 metadata daemon socket.
[[0;32m  OK  [0m] Listening on LVM2 metadata daemon socket.
[   10.218257] systemd[1]: Starting Monitoring of LVM2 mirrors, snapshots etc. using dmeventd or progress polling...
         Starting Monitoring of LVM2 mirrors... dmeventd or progress polling...
[   10.231193] systemd[1]: Mounting Debug File System...
         Mounting Debug File System...
[   10.240463] systemd[1]: Mounting Huge Pages File System...
         Mounting Huge Pages File System...
[   10.248092] systemd[1]: Starting Create list of required static device nodes for the current kernel...
         Starting Create list of required st... nodes for the current kernel...
[   10.260077] systemd[1]: Created slice User and Session Slice.
[[0;32m  OK  [0m] Created slice User and Session Slice.
[   10.265811] systemd[1]: Reached target Slices.
[[0;32m  OK  [0m] Reached target Slices.
[   10.269905] systemd[1]: Reached target Encrypted Volumes.
[[0;32m  OK  [0m] Reached target Encrypted Volumes.
[   10.275022] systemd[1]: Listening on Journal Socket (/dev/log).
[[0;32m  OK  [0m] Listening on Journal Socket (/dev/log).
[   10.294262] systemd[1]: Starting Journal Service...
         Starting Journal Service...
[   10.300929] systemd[1]: Mounted Huge Pages File System.
[[0;32m  OK  [0m] Mounted Huge Pages File System.
[   10.307104] systemd[1]: Mounted Debug File System.
[[0;32m  OK  [0m] Mounted Debug File System.
[   10.313320] systemd[1]: Mounted POSIX Message Queue File System.
[[0;32m  OK  [0m] Mounted POSIX Message Queue File System.
[   10.325905] systemd[1]: Started Uncomplicated firewall.
[[0;32m  OK  [0m] Started Uncomplicated firewall.
[   10.333296] systemd[1]: Started Remount Root and Kernel File Systems.
[[0;32m  OK  [0m] Started Remount Root and Kernel File Systems.
[   10.356850] Loading iSCSI transport class v2.0-870.
[   10.362276] systemd[1]: Started Create list of required static device nodes for the current kernel.
[[0;32m  OK  [0m] Started Create list of required sta...ce nodes for the current kernel.
[   10.382767] systemd[1]: Starting Create Static Device Nodes in /dev...
         Starting Create Static Device Nodes in /dev...
[   10.398896] systemd[1]: Starting Load/Save Random Seed...
         Starting Load/Save Random Seed...
[   10.444921] systemd[1]: Starting udev Coldplug all Devices...
         Starting udev Coldplug all Devices...
[   10.452989] systemd[1]: Started Set console keymap.
[[0;32m  OK  [0m] Started Set console keymap.
[   10.459113] systemd[1]: Started Nameserver information manager.
[[0;32m  OK  [0m] Started Nameserver information manager.
[   10.562371] iscsi: registered transport (tcp)
[   10.573280] systemd[1]: Started LVM2 metadata daemon.
[[0;32m  OK  [0m] Started LVM2 metadata daemon.
[   10.581887] systemd[1]: Started Load/Save Random Seed.
[[0;32m  OK  [0m] Started Load/Save Random Seed.
[   10.651669] systemd[1]: Started udev Coldplug all Devices.
[[0;32m  OK  [0m] Started udev Coldplug all Devices.
[   10.697878] systemd[1]: Started Journal Service.
[[0;32m  OK  [0m] Started Journal Service.
         Starting Flush Journal to Persistent Storage...
[   10.813442] systemd-journald[399]: Received request to flush runtime journal from PID 1
[[0;32m  OK  [0m] Started Flush Journal to Persistent Storage.
[[0;32m  OK  [0m] Started Create Static Device Nodes in /dev.
[   10.923753] iscsi: registered transport (iser)
         Starting udev Kernel Device Manager...
[[0;32m  OK  [0m] Started Load Kernel Modules.
         Starting Apply Kernel Variables...
         Mounting FUSE Control File System...
[[0;32m  OK  [0m] Mounted FUSE Control File System.
[[0;32m  OK  [0m] Started Monitoring of LVM2 mirrors,...ng dmeventd or progress polling.
[[0;32m  OK  [0m] Reached target Local File Systems (Pre).
         Mounting /vagrant...
[[0;32m  OK  [0m] Reached target Local File Systems.
         Starting Initial cloud-init job (pre-networking)...
         Starting Create Volatile Files and Directories...
         Starting Tell Plymouth To Write Out Runtime Data...
         Starting Set console font and keymap...
         Starting LSB: AppArmor initialization...
[[0;32m  OK  [0m] Started Apply Kernel Variables.
[[0;1;31mFAILED[0m] Failed to mount /vagrant.
See 'systemctl status vagrant.mount' for details.
[[0;32m  OK  [0m] Started Create Volatile Files and Directories.
         Starting Update UTMP about System Boot/Shutdown...
[[0;32m  OK  [0m] Started Tell Plymouth To Write Out Runtime Data.
[[0;32m  OK  [0m] Started Update UTMP about System Boot/Shutdown.
[[0;32m  OK  [0m] Started udev Kernel Device Manager.
[[0;32m  OK  [0m] Started Dispatch Password Requests to Console Directory Watch.
[[0;32m  OK  [0m] Found device /dev/ttyS0.
[[0;32m  OK  [0m] Listening on Load/Save RF Kill Switch Status /dev/rfkill Watch.
[[0;32m  OK  [0m] Found device 82540EM Gigabit Ethern...r (PRO/1000 MT Desktop Adapter).
[[0;32m  OK  [0m] Started LSB: AppArmor initialization.
         Starting Load AppArmor profiles managed internally by snapd...
[[0;32m  OK  [0m] Started Load AppArmor profiles managed internally by snapd.
[[0;32m  OK  [0m] Started Set console font and keymap.
[[0;32m  OK  [0m] Created slice system-getty.slice.
[   16.274222] cloud-init[474]: Cloud-init v. 20.4.1-0ubuntu1~16.04.1 running 'init-local' at Wed, 17 Mar 2021 13:14:09 +0000. Up 14.58 seconds.
[[0;32m  OK  [0m] Started Initial cloud-init job (pre-networking).
[[0;32m  OK  [0m] Reached target Network (Pre).
         Starting Raise network interfaces...
[[0;32m  OK  [0m] Started ifup for enp0s3.
[[0;32m  OK  [0m] Started Raise network interfaces.
[[0;32m  OK  [0m] Reached target Network.
         Starting Initial cloud-init job (metadata service crawler)...
[   19.166221] cloud-init[980]: Cloud-init v. 20.4.1-0ubuntu1~16.04.1 running 'init' at Wed, 17 Mar 2021 13:14:12 +0000. Up 17.96 seconds.
[   19.177636] cloud-init[980]: ci-info: ++++++++++++++++++++++++++++++++++++++Net device info++++++++++++++++++++++++++++++++++++++
[   19.183160] cloud-init[980]: ci-info: +--------+------+----------------------------+---------------+--------+-------------------+
[   19.189136] cloud-init[980]: ci-info: | Device |  Up  |          Address           |      Mask     | Scope  |     Hw-Address    |
[   19.194551] cloud-init[980]: ci-info: +--------+------+----------------------------+---------------+--------+-------------------+
[   19.201685] cloud-init[980]: ci-info: | enp0s3 | True |         10.0.2.15          | 255.255.255.0 | global | 02:80:d4:bd:a1:c9 |
[   19.207685] cloud-init[980]: ci-info: | enp0s3 | True | fe80::80:d4ff:febd:a1c9/64 |       .       |  link  | 02:80:d4:bd:a1:c9 |
[   19.213092] cloud-init[980]: ci-info: |   lo   | True |         127.0.0.1          |   255.0.0.0   |  host  |         .         |
[   19.217905] cloud-init[980]: ci-info: |   lo   | True |          ::1/128           |       .       |  host  |         .         |
[   19.223414] cloud-init[980]: ci-info: +--------+------+----------------------------+---------------+--------+-------------------+
[   19.228440] cloud-init[980]: ci-info: +++++++++++++++++++++++++++Route IPv4 info++++++++++++++++++++++++++++
[   19.232742] cloud-init[980]: ci-info: +-------+-------------+----------+---------------+-----------+-------+
[   19.237592] cloud-init[980]: ci-info: | Route | Destination | Gateway  |    Genmask    | Interface | Flags |
[   19.249167] cloud-init[980]: ci-info: +-------+-------------+----------+---------------+-----------+-------+
[   19.261046] cloud-init[980]: ci-info: |   0   |   0.0.0.0   | 10.0.2.2 |    0.0.0.0    |   enp0s3  |   UG  |
[   19.264536] cloud-init[980]: ci-info: |   1   |   10.0.2.0  | 0.0.0.0  | 255.255.255.0 |   enp0s3  |   U   |
[   19.271559] cloud-init[980]: ci-info: +-------+-------------+----------+---------------+-----------+-------+
[   19.281676] cloud-init[980]: ci-info: +++++++++++++++++++Route IPv6 info+++++++++++++++++++[[0;32m  OK  [0m] Started Initial cloud-init job (metadata service crawler).
[[0;32m  OK  [0m] Reached target System Initialization.
[[0;32m  OK  [0m] Listening on ACPID Listen Socket.
[[0;32m  OK  [0m] Listening on D-Bus System Message Bus Socket.

[   19.295597] cloud-init[980]: ci-info: +-------+-------------+---------+-----------+-------+
[   19.300702] cloud-init[980]: ci-info: | Route | Destination | Gateway | Interface | Flags |
[   19.305104] cloud-init[980]: ci-info: +-------+-------------+---------+-----------+-------+
[   19.312660] cloud-init[980]: ci-info: |   0   |  fe80::/64  |    ::   |   enp0s3  |   U   |
[   19.315198] cloud-init[980]: ci-info: |   3   |   ff00::/8  |    ::   |   enp0s3  |   U   |
[   19.317284] cloud-init[980]: ci-info: +-------+-------------+---------+-----------+-------+
[[0;32m  OK  [0m] Started Daily apt download activities.
[[0;32m  OK  [0m] Started Message of the Day.
[[0;32m  OK  [0m] Started Daily apt upgrade and clean activities.
[[0;32m  OK  [0m] Started ACPI Events Check.
[[0;32m  OK  [0m] Reached target Paths.
         Starting Socket activation for snappy daemon.
[[0;32m  OK  [0m] Listening on UUID daemon activation socket.
         Starting LXD - unix socket.
[[0;32m  OK  [0m] Started Daily Cleanup of Temporary Directories.
[[0;32m  OK  [0m] Reached target Timers.
[[0;32m  OK  [0m] Reached target Cloud-config availability.
[[0;32m  OK  [0m] Reached target Network is Online.
         Starting iSCSI initiator daemon (iscsid)...
[[0;32m  OK  [0m] Listening on Socket activation for snappy daemon.
[[0;32m  OK  [0m] Listening on LXD - unix socket.
[[0;32m  OK  [0m] Reached target Sockets.
[[0;32m  OK  [0m] Reached target Basic System.
         Starting System Logging Service...
         Starting MySQL Community Server...
         Starting /etc/rc.local Compatibility...
[[0;32m  OK  [0m] Started Regular background program processing daemon.
[[0;32m  OK  [0m] Started ACPI event daemon.
         Starting LXD - container startup/shutdown...
         Starting Message of the Day...
         Starting LSB: MD monitoring daemon...
         Starting LSB: Record successful boot for GRUB...
         Starting OpenBSD Secure Shell server...
         Starting Accounts Service...
         Starting Login Service...
         Starting Snap Daemon...
         Starting Virtualbox guest utils...
[[0;32m  OK  [0m] Started Deferred execution scheduler.
[[0;32m  OK  [0m] Started D-Bus System Message Bus.
[[0;32m  OK  [0m] Started FUSE filesystem for LXC.
[[0;32m  OK  [0m] Started System Logging Service.
[[0;32m  OK  [0m] Started /etc/rc.local Compatibility.
[[0;32m  OK  [0m] Started Message of the Day.
[[0;32m  OK  [0m] Started OpenBSD Secure Shell server.
[[0;32m  OK  [0m] Started Login Service.
[[0;32m  OK  [0m] Started Unattended Upgrades Shutdown.
[[0;32m  OK  [0m] Started iSCSI initiator daemon (iscsid).
         Starting Login to default iSCSI targets...
[[0;32m  OK  [0m] Started LSB: MD monitoring daemon.
[[0;32m  OK  [0m] Started LSB: Record successful boot for GRUB.
         Starting Authenticate and Authorize Users to Run Privileged Tasks...
[[0;32m  OK  [0m] Started Login to default iSCSI targets.
[[0;32m  OK  [0m] Reached target Remote File Systems (Pre).
[[0;32m  OK  [0m] Reached target Remote File Systems.
         Starting LSB: Set the CPU Frequency Scaling governor to "ondemand"...
         Starting Permit User Sessions...
         Starting LSB: automatic crash report generation...
         Starting LSB: daemon to balance interrupts for SMP systems...
[[0;32m  OK  [0m] Started Virtualbox guest utils.
[[0;32m  OK  [0m] Started Permit User Sessions.
         Starting Terminate Plymouth Boot Screen...
         Starting Hold until boot process finishes up...
[[0;32m  OK  [0m] Started LSB: Set the CPU Frequency Scaling governor to "ondemand".
[[0;32m  OK  [0m] Started Hold until boot process finishes up.
[[0;32m  OK  [0m] Started Authenticate and Authorize Users to Run Privileged Tasks.
[[0;32m  OK  [0m] Started Accounts Service.
[[0;32m  OK  [0m] Started Terminate Plymouth Boot Screen.
[[0;32m  OK  [0m] Started Getty on tty1.
         Starting Set console scheme...
[[0;32m  OK  [0m] Started Serial Getty on ttyS0.
[[0;32m  OK  [0m] Reached target Login Prompts.
[[0;32m  OK  [0m] Started LXD - container startup/shutdown.
[[0;32m  OK  [0m] Started Set console scheme.
[[0;32m  OK  [0m] Started LSB: daemon to balance interrupts for SMP systems.
[[0;32m  OK  [0m] Started LSB: automatic crash report generation.
[[0;32m  OK  [0m] Created slice User Slice of vagrant.
         Starting User Manager for UID 1000...
[[0;32m  OK  [0m] Started Session 1 of user vagrant.
[[0;32m  OK  [0m] Started User Manager for UID 1000.
[[0;32m  OK  [0m] Started Snap Daemon.
         Starting Wait until snapd is fully seeded...
[[0;32m  OK  [0m] Started Wait until snapd is fully seeded.
         Starting Apply the settings specified in cloud-config...
[   26.103864] cloud-init[1320]: Cloud-init v. 20.4.1-0ubuntu1~16.04.1 running 'modules:config' at Wed, 17 Mar 2021 13:14:19 +0000. Up 25.29 seconds.
[[0;32m  OK  [0m] Started Apply the settings specified in cloud-config.

Ubuntu 16.04.7 LTS ubuntu-xenial ttyS0

ubuntu-xenial login: [   28.531794] cloud-init[1438]: Cloud-init v. 20.4.1-0ubuntu1~16.04.1 running 'modules:final' at Wed, 17 Mar 2021 13:14:22 +0000. Up 28.20 seconds.
[   28.532367] cloud-init[1438]: Cloud-init v. 20.4.1-0ubuntu1~16.04.1 finished at Wed, 17 Mar 2021 13:14:23 +0000. Datasource DataSourceNoCloud [seed=/dev/sdb][dsmode=net].  Up 28.51 seconds
